Release 14.7 - xst P.20131013 (nt64)
Copyright (c) 1995-2013 Xilinx, Inc.  All rights reserved.
--> Parameter TMPDIR set to xst/projnav.tmp


Total REAL time to Xst completion: 0.00 secs
Total CPU time to Xst completion: 0.24 secs
 
--> Parameter xsthdpdir set to xst


Total REAL time to Xst completion: 0.00 secs
Total CPU time to Xst completion: 0.24 secs
 
--> Reading design: JC_top.prj

TABLE OF CONTENTS
  1) Synthesis Options Summary
  2) HDL Compilation
  3) Design Hierarchy Analysis
  4) HDL Analysis
  5) HDL Synthesis
     5.1) HDL Synthesis Report
  6) Advanced HDL Synthesis
     6.1) Advanced HDL Synthesis Report
  7) Low Level Synthesis
  8) Partition Report
  9) Final Report
	9.1) Device utilization summary
	9.2) Partition Resource Summary
	9.3) TIMING REPORT


=========================================================================
*                      Synthesis Options Summary                        *
=========================================================================
---- Source Parameters
Input File Name                    : "JC_top.prj"
Input Format                       : mixed
Ignore Synthesis Constraint File   : NO

---- Target Parameters
Output File Name                   : "JC_top"
Output Format                      : NGC
Target Device                      : xc3s500e-4-fg320

---- Source Options
Top Module Name                    : JC_top
Automatic FSM Extraction           : YES
FSM Encoding Algorithm             : Auto
Safe Implementation                : No
FSM Style                          : LUT
RAM Extraction                     : Yes
RAM Style                          : Auto
ROM Extraction                     : Yes
Mux Style                          : Auto
Decoder Extraction                 : YES
Priority Encoder Extraction        : Yes
Shift Register Extraction          : YES
Logical Shifter Extraction         : YES
XOR Collapsing                     : YES
ROM Style                          : Auto
Mux Extraction                     : Yes
Resource Sharing                   : YES
Asynchronous To Synchronous        : NO
Multiplier Style                   : Auto
Automatic Register Balancing       : No

---- Target Options
Add IO Buffers                     : YES
Global Maximum Fanout              : 500
Add Generic Clock Buffer(BUFG)     : 24
Register Duplication               : YES
Slice Packing                      : YES
Optimize Instantiated Primitives   : NO
Use Clock Enable                   : Yes
Use Synchronous Set                : Yes
Use Synchronous Reset              : Yes
Pack IO Registers into IOBs        : Auto
Equivalent register Removal        : YES

---- General Options
Optimization Goal                  : Speed
Optimization Effort                : 1
Keep Hierarchy                     : No
Netlist Hierarchy                  : As_Optimized
RTL Output                         : Yes
Global Optimization                : AllClockNets
Read Cores                         : YES
Write Timing Constraints           : NO
Cross Clock Analysis               : NO
Hierarchy Separator                : /
Bus Delimiter                      : <>
Case Specifier                     : Maintain
Slice Utilization Ratio            : 100
BRAM Utilization Ratio             : 100
Verilog 2001                       : YES
Auto BRAM Packing                  : NO
Slice Utilization Ratio Delta      : 5

=========================================================================


=========================================================================
*                          HDL Compilation                              *
=========================================================================
Compiling verilog file "JC_top.v" in library work
Module <JC_top> compiled
No errors in compilation
Analysis of file <"JC_top.prj"> succeeded.
 

=========================================================================
*                     Design Hierarchy Analysis                         *
=========================================================================
Analyzing hierarchy for module <JC_top> in library <work>.


=========================================================================
*                            HDL Analysis                               *
=========================================================================
Analyzing top module <JC_top>.
Module <JC_top> is correct for synthesis.
 

=========================================================================
*                           HDL Synthesis                               *
=========================================================================

Performing bidirectional port resolution...

Synthesizing Unit <JC_top>.
    Related source file is "JC_top.v".
    Found 3-bit register for signal <o_Q>.
    Summary:
	inferred   3 D-type flip-flop(s).
Unit <JC_top> synthesized.


=========================================================================
HDL Synthesis Report

Macro Statistics
# Registers                                            : 1
 3-bit register                                        : 1

=========================================================================

=========================================================================
*                       Advanced HDL Synthesis                          *
=========================================================================


=========================================================================
Advanced HDL Synthesis Report

Macro Statistics
# Registers                                            : 3
 Flip-Flops                                            : 3

=========================================================================

=========================================================================
*                         Low Level Synthesis                           *
=========================================================================

Optimizing unit <JC_top> ...

Mapping all equations...
Building and optimizing final netlist ...
Found area constraint ratio of 100 (+ 5) on block JC_top, actual ratio is 0.

Final Macro Processing ...

=========================================================================
Final Register Report

Macro Statistics
# Registers                                            : 3
 Flip-Flops                                            : 3

=========================================================================

=========================================================================
*                           Partition Report                            *
=========================================================================

Partition Implementation Status
-------------------------------

  No Partitions were found in this design.

-------------------------------

=========================================================================
*                            Final Report                               *
=========================================================================
Final Results
RTL Top Level Output File Name     : JC_top.ngr
Top Level Output File Name         : JC_top
Output Format                      : NGC
Optimization Goal                  : Speed
Keep Hierarchy                     : No

Design Statistics
# IOs                              : 5

Cell Usage :
# BELS                             : 1
#      INV                         : 1
# FlipFlops/Latches                : 3
#      FDR                         : 3
# Clock Buffers                    : 1
#      BUFGP                       : 1
# IO Buffers                       : 4
#      IBUF                        : 1
#      OBUF                        : 3
=========================================================================

Device utilization summary:
---------------------------

Selected Device : 3s500efg320-4 

 Number of Slices:                        2  out of   4656     0%  
 Number of Slice Flip Flops:              3  out of   9312     0%  
 Number of 4 input LUTs:                  1  out of   9312     0%  
 Number of IOs:                           5
 Number of bonded IOBs:                   5  out of    232     2%  
 Number of GCLKs:                         1  out of     24     4%  

---------------------------
Partition Resource Summary:
---------------------------

  No Partitions were found in this design.

---------------------------


=========================================================================
TIMING REPORT

NOTE: THESE TIMING NUMBERS ARE ONLY A SYNTHESIS ESTIMATE.
      FOR ACCURATE TIMING INFORMATION PLEASE REFER TO THE TRACE REPORT
      GENERATED AFTER PLACE-and-ROUTE.

Clock Information:
------------------
-----------------------------------+------------------------+-------+
Clock Signal                       | Clock buffer(FF name)  | Load  |
-----------------------------------+------------------------+-------+
i_clk                              | BUFGP                  | 3     |
-----------------------------------+------------------------+-------+

Asynchronous Control Signals Information:
----------------------------------------
No asynchronous control signals found in this design

Timing Summary:
---------------
Speed Grade: -4

   Minimum period: 2.470ns (Maximum Frequency: 404.858MHz)
   Minimum input arrival time before clock: 2.660ns
   Maximum output required time after clock: 4.310ns
   Maximum combinational path delay: No path found

Timing Detail:
--------------
All values displayed in nanoseconds (ns)

=========================================================================
Timing constraint: Default period analysis for Clock 'i_clk'
  Clock period: 2.470ns (frequency: 404.858MHz)
  Total number of paths / destination ports: 3 / 3
-------------------------------------------------------------------------
Delay:               2.470ns (Levels of Logic = 1)
  Source:            o_Q_0 (FF)
  Destination:       o_Q_2 (FF)
  Source Clock:      i_clk rising
  Destination Clock: i_clk rising

  Data Path: o_Q_0 to o_Q_2
                                Gate     Net
    Cell:in->out      fanout   Delay   Delay  Logical Name (Net Name)
    ----------------------------------------  ------------
     FDR:C->Q              2   0.591   0.447  o_Q_0 (o_Q_0)
     INV:I->O              1   0.704   0.420  o_Q_not00011_INV_0 (o_Q_not0001)
     FDR:D                     0.308          o_Q_2
    ----------------------------------------
    Total                      2.470ns (1.603ns logic, 0.867ns route)
                                       (64.9% logic, 35.1% route)

=========================================================================
Timing constraint: Default OFFSET IN BEFORE for Clock 'i_clk'
  Total number of paths / destination ports: 3 / 3
-------------------------------------------------------------------------
Offset:              2.660ns (Levels of Logic = 1)
  Source:            i_rst (PAD)
  Destination:       o_Q_0 (FF)
  Destination Clock: i_clk rising

  Data Path: i_rst to o_Q_0
                                Gate     Net
    Cell:in->out      fanout   Delay   Delay  Logical Name (Net Name)
    ----------------------------------------  ------------
     IBUF:I->O             3   1.218   0.531  i_rst_IBUF (i_rst_IBUF)
     FDR:R                     0.911          o_Q_0
    ----------------------------------------
    Total                      2.660ns (2.129ns logic, 0.531ns route)
                                       (80.0% logic, 20.0% route)

=========================================================================
Timing constraint: Default OFFSET OUT AFTER for Clock 'i_clk'
  Total number of paths / destination ports: 3 / 3
-------------------------------------------------------------------------
Offset:              4.310ns (Levels of Logic = 1)
  Source:            o_Q_2 (FF)
  Destination:       o_Q<2> (PAD)
  Source Clock:      i_clk rising

  Data Path: o_Q_2 to o_Q<2>
                                Gate     Net
    Cell:in->out      fanout   Delay   Delay  Logical Name (Net Name)
    ----------------------------------------  ------------
     FDR:C->Q              2   0.591   0.447  o_Q_2 (o_Q_2)
     OBUF:I->O                 3.272          o_Q_2_OBUF (o_Q<2>)
    ----------------------------------------
    Total                      4.310ns (3.863ns logic, 0.447ns route)
                                       (89.6% logic, 10.4% route)

=========================================================================


Total REAL time to Xst completion: 9.00 secs
Total CPU time to Xst completion: 8.99 secs
 
--> 

Total memory usage is 251376 kilobytes

Number of errors   :    0 (   0 filtered)
Number of warnings :    0 (   0 filtered)
Number of infos    :    0 (   0 filtered)

